<?xml version="1.0" encoding="UTF-8"?>
<!-- Generated by org.testng.reporters.JUnitReportReporter -->
<testsuite hostname="LAPTOP-RIS24GSK" failures="0" tests="2" name="org.saranLiveProjects.ecommerce_4" time="46.714" errors="0" timestamp="2023-12-16T17:44:44 AWST" skipped="0">
  <testcase classname="org.saranLiveProjects.ecommerce_4" name="FillForm" time="22.613"/>
  <system-out/>
  <testcase classname="org.saranLiveProjects.ecommerce_4" name="FillForm" time="24.101"/>
  <system-out/>
</testsuite> <!-- org.saranLiveProjects.ecommerce_4 -->
