<?xml version="1.0" encoding="UTF-8"?>
<!-- Generated by org.testng.reporters.JUnitReportReporter -->
<testsuite hostname="LAPTOP-RIS24GSK" failures="0" tests="2" name="org.saranLiveProjects.ExtentReporterNG" time="23.039" errors="1" timestamp="2023-12-14T13:12:23 AWST" skipped="1">
  <testcase classname="org.saranLiveProjects.ExtentReporterNG" name="sampleMethod" time="0.000">
    <skipped/>
  </testcase> <!-- sampleMethod -->
  <system-out/>
  <testcase classname="org.saranLiveProjects.ExtentReporterNG" name="ConfigureAppium" time="23.039">
    <error message="Could not start a new session. Response code 500. Message: An unknown server-side error occurred while processing the command. Original error: Could not find a connected Android device in 20000ms 
Host info: host: &#039;LAPTOP-RIS24GSK&#039;, ip: &#039;192.168.1.3&#039;
Build info: version: &#039;4.16.1&#039;, revision: &#039;9b4c83354e&#039;
System info: os.name: &#039;Windows 11&#039;, os.arch: &#039;amd64&#039;, os.version: &#039;10.0&#039;, java.version: &#039;19.0.2&#039;
Driver info: io.appium.java_client.android.AndroidDriver
Command: [null, newSession {capabilities=[{appium:chromedriverExecutable=C:\SeleniumWebDriver\chromedriver.exe, appium:deviceName=UniverseEmulator, platformName=ANDROID, appium:automationName=UIAutomator2, appium:app=C:\Users\sridh\eclipse-workspace\AppiumMobileAuto1\src\test\java\Utilities\General-Store.apk}], desiredCapabilities=Capabilities {appium:app: C:\Users\sridh\eclipse-work..., appium:automationName: UIAutomator2, appium:chromedriverExecutable: C:\SeleniumWebDriver\chrome..., appium:deviceName: UniverseEmulator, platformName: ANDROID}}]
Capabilities {appium:app: C:\Users\sridh\eclipse-work..., appium:automationName: UIAutomator2, appium:chromedriverExecutable: C:\SeleniumWebDriver\chrome..., appium:deviceName: UniverseEmulator, platformName: ANDROID}" type="org.openqa.selenium.SessionNotCreatedException">
      <![CDATA[org.openqa.selenium.SessionNotCreatedException: Could not start a new session. Response code 500. Message: An unknown server-side error occurred while processing the command. Original error: Could not find a connected Android device in 20000ms 
Host info: host: 'LAPTOP-RIS24GSK', ip: '192.168.1.3'
Build info: version: '4.16.1', revision: '9b4c83354e'
System info: os.name: 'Windows 11', os.arch: 'amd64', os.version: '10.0', java.version: '19.0.2'
Driver info: io.appium.java_client.android.AndroidDriver
Command: [null, newSession {capabilities=[{appium:chromedriverExecutable=C:\SeleniumWebDriver\chromedriver.exe, appium:deviceName=UniverseEmulator, platformName=ANDROID, appium:automationName=UIAutomator2, appium:app=C:\Users\sridh\eclipse-workspace\AppiumMobileAuto1\src\test\java\Utilities\General-Store.apk}], desiredCapabilities=Capabilities {appium:app: C:\Users\sridh\eclipse-work..., appium:automationName: UIAutomator2, appium:chromedriverExecutable: C:\SeleniumWebDriver\chrome..., appium:deviceName: UniverseEmulator, platformName: ANDROID}}]
Capabilities {appium:app: C:\Users\sridh\eclipse-work..., appium:automationName: UIAutomator2, appium:chromedriverExecutable: C:\SeleniumWebDriver\chrome..., appium:deviceName: UniverseEmulator, platformName: ANDROID}
at org.openqa.selenium.remote.ProtocolHandshake.createSession(ProtocolHandshake.java:140)
at java.base/jdk.internal.reflect.DirectMethodHandleAccessor.invoke(DirectMethodHandleAccessor.java:104)
at java.base/java.lang.reflect.Method.invoke(Method.java:578)
at io.appium.java_client.remote.AppiumProtocolHandshake.createSession(AppiumProtocolHandshake.java:133)
at io.appium.java_client.remote.AppiumProtocolHandshake.createSession(AppiumProtocolHandshake.java:102)
at io.appium.java_client.remote.AppiumCommandExecutor.createSession(AppiumCommandExecutor.java:177)
at io.appium.java_client.remote.AppiumCommandExecutor.execute(AppiumCommandExecutor.java:238)
at org.openqa.selenium.remote.RemoteWebDriver.execute(RemoteWebDriver.java:523)
at io.appium.java_client.AppiumDriver.startSession(AppiumDriver.java:268)
at org.openqa.selenium.remote.RemoteWebDriver.<init>(RemoteWebDriver.java:164)
at io.appium.java_client.AppiumDriver.<init>(AppiumDriver.java:90)
at io.appium.java_client.AppiumDriver.<init>(AppiumDriver.java:102)
at io.appium.java_client.android.AndroidDriver.<init>(AndroidDriver.java:109)
at org.saranLiveProjects.BaseClass.ConfigureAppium(BaseClass.java:34)
at java.base/jdk.internal.reflect.DirectMethodHandleAccessor.invoke(DirectMethodHandleAccessor.java:104)
at java.base/java.lang.reflect.Method.invoke(Method.java:578)
at org.testng.internal.MethodInvocationHelper.invokeMethod(MethodInvocationHelper.java:133)
at org.testng.internal.MethodInvocationHelper.invokeMethodConsideringTimeout(MethodInvocationHelper.java:62)
at org.testng.internal.ConfigInvoker.invokeConfigurationMethod(ConfigInvoker.java:385)
at org.testng.internal.ConfigInvoker.invokeConfigurations(ConfigInvoker.java:321)
at org.testng.internal.TestMethodWorker.invokeBeforeClassMethods(TestMethodWorker.java:176)
at org.testng.internal.TestMethodWorker.run(TestMethodWorker.java:122)
at java.base/java.util.ArrayList.forEach(ArrayList.java:1511)
at org.testng.TestRunner.privateRun(TestRunner.java:794)
at org.testng.TestRunner.run(TestRunner.java:596)
at org.testng.SuiteRunner.runTest(SuiteRunner.java:377)
at org.testng.SuiteRunner.runSequentially(SuiteRunner.java:371)
at org.testng.SuiteRunner.privateRun(SuiteRunner.java:332)
at org.testng.SuiteRunner.run(SuiteRunner.java:276)
at org.testng.SuiteRunnerWorker.runSuite(SuiteRunnerWorker.java:53)
at org.testng.SuiteRunnerWorker.run(SuiteRunnerWorker.java:96)
at org.testng.TestNG.runSuitesSequentially(TestNG.java:1212)
at org.testng.TestNG.runSuitesLocally(TestNG.java:1134)
at org.testng.TestNG.runSuites(TestNG.java:1063)
at org.testng.TestNG.run(TestNG.java:1031)
at org.testng.remote.AbstractRemoteTestNG.run(AbstractRemoteTestNG.java:115)
at org.testng.remote.RemoteTestNG.initAndRun(RemoteTestNG.java:251)
at org.testng.remote.RemoteTestNG.main(RemoteTestNG.java:77)
]]>
    </error>
  </testcase> <!-- ConfigureAppium -->
  <system-out/>
</testsuite> <!-- org.saranLiveProjects.ExtentReporterNG -->
