<?xml version="1.0" encoding="UTF-8"?>
<!-- Generated by org.testng.reporters.JUnitReportReporter -->
<testsuite hostname="LAPTOP-RIS24GSK" failures="0" tests="1" name="saranLiveProjects.eCommerce_tc_3_Hybrid" time="32.559" errors="0" timestamp="2023-12-10T07:11:13 AWST" skipped="0">
  <testcase classname="saranLiveProjects.eCommerce_tc_3_Hybrid" name="FillForm" time="32.559"/>
  <system-out/>
</testsuite> <!-- saranLiveProjects.eCommerce_tc_3_Hybrid -->
